<?xml version="1.0" encoding="UTF-8"?>
<!-- Generated by org.testng.reporters.JUnitReportReporter -->
<testsuite skipped="0" hostname="LAPTOP-FKM8BJA1" name="sumo.AB" tests="1" failures="0" timestamp="03 Mar 2023 04:20:01 GMT" time="0.816" errors="0">
  <testcase name="t4" time="0.816" classname="sumo.AB"/>
</testsuite> <!-- sumo.AB -->
